<?xml version="1.0" encoding="UTF-8"?>
<!-- Generated by org.testng.reporters.JUnitReportReporter -->
<testsuite skipped="0" hostname="LAPTOP-4JPOO74D" name="com.transperfect.wahoofitness.Checkout" tests="1" failures="0" timestamp="2022-06-09T04:03:44 CEST" time="83.993" errors="0">
  <testcase name="placeOrder" time="83.993" classname="com.transperfect.wahoofitness.Checkout"/>
  <system-out/>
</testsuite> <!-- com.transperfect.wahoofitness.Checkout -->
