<?xml version="1.0" encoding="UTF-8"?>
<!-- Generated by org.testng.reporters.JUnitReportReporter -->
<testsuite skipped="0" hostname="LAPTOP-4JPOO74D" name="com.transperfect.wahoofitness.CheckoutFunctionality" tests="1" failures="0" timestamp="2022-06-09T06:13:47 CEST" time="79.216" errors="0">
  <testcase name="placeOrder" time="79.216" classname="com.transperfect.wahoofitness.CheckoutFunctionality"/>
  <system-out/>
</testsuite> <!-- com.transperfect.wahoofitness.CheckoutFunctionality -->
